<?xml version="1.0" encoding="UTF-8"?>
<testsuite xmlns:xsi="http://www.w3.org/2001/XMLSchema-instance" xsi:noNamespaceSchemaLocation="https://maven.apache.org/surefire/maven-surefire-plugin/xsd/surefire-test-report-3.0.xsd" version="3.0" name="com.example.lms.controller.BookControllerTest" time="20.735" tests="2" errors="0" skipped="0" failures="0">
  <properties>
[...]
</properties>
  <testcase name="testGetAllBooks" classname="com.example.lms.controller.BookControllerTest" time="0.752">
    <system-out><![CDATA[
  .   ____          _            __ _ _
 /\\ / ___'_ __ _ _(_)_ __  __ _ \ \ \ \
( ( )\___ | '_ | '_| | '_ \/ _` | \ \ \ \
 \\/  ___)| |_)| | | | | || (_| |  ) ) ) )
  '  |____| .__|_| |_|_| |_\__, | / / / /
 =========|_|==============|___/=/_/_/_/
 :: Spring Boot ::                (v3.2.0)

2025-05-19T23:41:47.470+05:30  INFO 26000 --- [           main] c.e.lms.controller.BookControllerTest    : Starting BookControllerTest using Java 21 with PID 26000 (started by 2407071 in C:\Users\2407071\Desktop\GenC-Project\LMS)
2025-05-19T23:41:47.475+05:30 DEBUG 26000 --- [           main] c.e.lms.controller.BookControllerTest    : Running with Spring Boot v3.2.0, Spring v6.1.1
2025-05-19T23:41:47.478+05:30  INFO 26000 --- [           main] c.e.lms.controller.BookControllerTest    : No active profile set, falling back to 1 default profile: "default"
2025-05-19T23:41:50.861+05:30  INFO 26000 --- [           main] .s.d.r.c.RepositoryConfigurationDelegate : Bootstrapping Spring Data JPA repositories in DEFAULT mode.
2025-05-19T23:41:51.101+05:30  INFO 26000 --- [           main] .s.d.r.c.RepositoryConfigurationDelegate : Finished Spring Data repository scanning in 202 ms. Found 5 JPA repository interfaces.
2025-05-19T23:41:55.992+05:30  INFO 26000 --- [           main] o.hibernate.jpa.internal.util.LogHelper  : HHH000204: Processing PersistenceUnitInfo [name: default]
2025-05-19T23:41:56.469+05:30  INFO 26000 --- [           main] org.hibernate.Version                    : HHH000412: Hibernate ORM core version 6.3.1.Final
2025-05-19T23:41:56.691+05:30  INFO 26000 --- [           main] o.h.c.internal.RegionFactoryInitiator    : HHH000026: Second-level cache disabled
2025-05-19T23:41:57.219+05:30  INFO 26000 --- [           main] o.s.o.j.p.SpringPersistenceUnitInfo      : No LoadTimeWeaver setup: ignoring JPA class transformer
2025-05-19T23:41:57.297+05:30  INFO 26000 --- [           main] com.zaxxer.hikari.HikariDataSource       : HikariPool-1 - Starting...
2025-05-19T23:41:57.808+05:30  INFO 26000 --- [           main] com.zaxxer.hikari.pool.HikariPool        : HikariPool-1 - Added connection conn0: url=jdbc:h2:mem:lmsdb user=SA
2025-05-19T23:41:57.814+05:30  INFO 26000 --- [           main] com.zaxxer.hikari.HikariDataSource       : HikariPool-1 - Start completed.
2025-05-19T23:41:57.923+05:30  WARN 26000 --- [           main] org.hibernate.orm.deprecation            : HHH90000025: H2Dialect does not need to be specified explicitly using 'hibernate.dialect' (remove the property setting and it will be selected by default)
2025-05-19T23:42:00.490+05:30  INFO 26000 --- [           main] o.h.e.t.j.p.i.JtaPlatformInitiator       : HHH000489: No JTA platform available (set 'hibernate.transaction.jta.platform' to enable JTA platform integration)
Hibernate: drop table if exists books cascade 
Hibernate: drop table if exists borrowing_transactions cascade 
Hibernate: drop table if exists fines cascade 
Hibernate: drop table if exists members cascade 
Hibernate: drop table if exists notifications cascade 
Hibernate: create table books (available_copies integer not null, year_published integer not null, book_id bigint generated by default as identity, author varchar(255), genre varchar(255), isbn varchar(255), title varchar(255), primary key (book_id))
Hibernate: create table borrowing_transactions (borrow_date date, return_date date, book_id bigint not null, member_id bigint not null, transaction_id bigint generated by default as identity, status varchar(255) check (status in ('BORROWED','RETURNED')), primary key (transaction_id))
Hibernate: create table fines (amount float(53) not null, transaction_date date, fine_id bigint generated by default as identity, member_id bigint not null, status varchar(255) check (status in ('PAID','PENDING')), primary key (fine_id))
Hibernate: create table members (member_id bigint generated by default as identity, address varchar(255), email varchar(255), membership_status varchar(255) check (membership_status in ('ACTIVE','INACTIVE')), name varchar(255), phone varchar(255), primary key (member_id))
Hibernate: create table notifications (date_sent date, member_id bigint not null, notification_id bigint generated by default as identity, message varchar(255), primary key (notification_id))
Hibernate: alter table if exists borrowing_transactions add constraint FKfry7gmqa28svfc50j97p7csdq foreign key (book_id) references books
Hibernate: alter table if exists borrowing_transactions add constraint FKa9cbi7ign4odp5ccx0ln7uk96 foreign key (member_id) references members
Hibernate: alter table if exists fines add constraint FKoeokndtdc008xj9pa6oxewawj foreign key (member_id) references members
Hibernate: alter table if exists notifications add constraint FKojs7hmp2vm78xakpqgr1hgsbk foreign key (member_id) references members
2025-05-19T23:42:00.631+05:30  INFO 26000 --- [           main] j.LocalContainerEntityManagerFactoryBean : Initialized JPA EntityManagerFactory for persistence unit 'default'
2025-05-19T23:42:02.843+05:30  WARN 26000 --- [           main] JpaBaseConfiguration$JpaWebConfiguration : spring.jpa.open-in-view is enabled by default. Therefore, database queries may be performed during view rendering. Explicitly configure spring.jpa.open-in-view to disable this warning
2025-05-19T23:42:04.461+05:30  INFO 26000 --- [           main] o.s.b.t.m.w.SpringBootMockServletContext : Initializing Spring TestDispatcherServlet ''
2025-05-19T23:42:04.461+05:30  INFO 26000 --- [           main] o.s.t.web.servlet.TestDispatcherServlet  : Initializing Servlet ''
2025-05-19T23:42:04.461+05:30  INFO 26000 --- [           main] o.s.t.web.servlet.TestDispatcherServlet  : Completed initialization in 0 ms
2025-05-19T23:42:04.539+05:30  INFO 26000 --- [           main] c.e.lms.controller.BookControllerTest    : Started BookControllerTest in 18.193 seconds (process running for 21.552)
2025-05-19T23:42:04.908+05:30  INFO 26000 --- [           main] c.example.lms.controller.BookController  : Received request to fetch all books
]]></system-out>
    <system-err><![CDATA[WARNING: A Java agent has been loaded dynamically (C:\Users\2407071\.m2\repository\net\bytebuddy\byte-buddy-agent\1.14.9\byte-buddy-agent-1.14.9.jar)
WARNING: If a serviceability tool is in use, please run with -XX:+EnableDynamicAgentLoading to hide this warning
WARNING: If a serviceability tool is not in use, please run with -Djdk.instrument.traceUsage for more information
WARNING: Dynamic loading of agents will be disallowed by default in a future release
]]></system-err>
  </testcase>
  <testcase name="testCreateBook" classname="com.example.lms.controller.BookControllerTest" time="0.311">
    <system-out><![CDATA[2025-05-19T23:42:05.507+05:30  INFO 26000 --- [           main] c.example.lms.controller.BookController  : Received request to create book: Book(bookId=null, title=Test Book, author=Author, genre=Fiction, isbn=1234567890, yearPublished=2025, availableCopies=5)
]]></system-out>
  </testcase>
</testsuite>